<?xml version="1.0" encoding="UTF-8"?>
<!-- Generated by org.testng.reporters.JUnitReportReporter -->
<testsuite hostname="CarinaE" name="se.nackademin.examination.examination_jacoco.GameTest" tests="9" failures="0" timestamp="14 Oct 2016 18:15:05 GMT" time="0.007" errors="0">
  <testcase name="test_RunGame" time="0.002" classname="se.nackademin.examination.examination_jacoco.GameTest"/>
  <testcase name="test_CalculateHomeCityOutput" time="0.001" classname="se.nackademin.examination.examination_jacoco.GameTest"/>
  <testcase name="test_CalculateGenderOutput" time="0.000" classname="se.nackademin.examination.examination_jacoco.GameTest"/>
  <testcase name="test_CalculateAgeOutput" time="0.001" classname="se.nackademin.examination.examination_jacoco.GameTest"/>
  <testcase name="test_Run" time="0.002" classname="se.nackademin.examination.examination_jacoco.GameTest"/>
  <testcase name="test_GetGender" time="0.000" classname="se.nackademin.examination.examination_jacoco.GameTest"/>
  <testcase name="test_CalculateNameOutput" time="0.000" classname="se.nackademin.examination.examination_jacoco.GameTest"/>
  <testcase name="test_GetAge" time="0.000" classname="se.nackademin.examination.examination_jacoco.GameTest"/>
  <testcase name="test_BuildFinalString" time="0.001" classname="se.nackademin.examination.examination_jacoco.GameTest"/>
</testsuite> <!-- se.nackademin.examination.examination_jacoco.GameTest -->
