<?xml version="1.0" encoding="UTF-8"?>
<!-- Generated by org.testng.reporters.JUnitReportReporter -->
<testsuite hostname="CarinaE" name="se.nackademin.examination.examination_jacoco.ConversorTest" tests="5" failures="0" timestamp="14 Oct 2016 18:15:05 GMT" time="0.003" errors="0">
  <testcase name="testSetAndGetAge" time="0.000" classname="se.nackademin.examination.examination_jacoco.ConversorTest"/>
  <testcase name="testSetAndGetCity" time="0.000" classname="se.nackademin.examination.examination_jacoco.ConversorTest"/>
  <testcase name="testConversor" time="0.000" classname="se.nackademin.examination.examination_jacoco.ConversorTest"/>
  <testcase name="testSetAndGetGender" time="0.003" classname="se.nackademin.examination.examination_jacoco.ConversorTest"/>
  <testcase name="testSetAndGetName" time="0.000" classname="se.nackademin.examination.examination_jacoco.ConversorTest"/>
</testsuite> <!-- se.nackademin.examination.examination_jacoco.ConversorTest -->
