<?xml version="1.0" encoding="UTF-8"?>
<!-- Generated by org.testng.reporters.JUnitReportReporter -->
<testsuite hostname="CarinaE" name="se.nackademin.examination.examination_jacoco.DataAnalysisTest" tests="8" failures="0" timestamp="14 Oct 2016 18:15:05 GMT" time="0.008" errors="0">
  <testcase name="test_SmallCity_Over30" time="0.000" classname="se.nackademin.examination.examination_jacoco.DataAnalysisTest"/>
  <testcase name="test_BigCity_Over30" time="0.000" classname="se.nackademin.examination.examination_jacoco.DataAnalysisTest"/>
  <testcase name="test_BigCity_Under30" time="0.000" classname="se.nackademin.examination.examination_jacoco.DataAnalysisTest"/>
  <testcase name="test_SmallCity_Under30" time="0.001" classname="se.nackademin.examination.examination_jacoco.DataAnalysisTest"/>
  <testcase name="test_ShorterFirstName_Under30" time="0.000" classname="se.nackademin.examination.examination_jacoco.DataAnalysisTest"/>
  <testcase name="test_LongerFirstName_Under30" time="0.006" classname="se.nackademin.examination.examination_jacoco.DataAnalysisTest"/>
  <testcase name="test_ShorterFirstName_Over30" time="0.001" classname="se.nackademin.examination.examination_jacoco.DataAnalysisTest"/>
  <testcase name="test_LongerFirstName_Over30" time="0.000" classname="se.nackademin.examination.examination_jacoco.DataAnalysisTest"/>
</testsuite> <!-- se.nackademin.examination.examination_jacoco.DataAnalysisTest -->
