<?xml version="1.0" encoding="UTF-8"?>
<!-- Generated by org.testng.reporters.JUnitReportReporter -->
<testsuite hostname="CarinaE" name="se.nackademin.examination.examination_jacoco.MainTest" tests="1" failures="0" timestamp="14 Oct 2016 18:15:05 GMT" time="0.003" errors="0">
  <testcase name="testMainMethod" time="0.003" classname="se.nackademin.examination.examination_jacoco.MainTest"/>
</testsuite> <!-- se.nackademin.examination.examination_jacoco.MainTest -->
